p/pos305.jpg 1 0 0 155 61
p/pos304.jpg 1 0 0 155 61
p/pos303.jpg 1 0 0 155 61
p/pos302.jpg 1 0 0 155 61
p/pos301.jpg 1 0 0 155 61
p/pos300.jpg 1 0 0 155 61
p/pos299.jpg 1 0 0 155 61
p/pos298.jpg 1 0 0 155 61
p/pos297.jpg 1 0 0 155 61
p/pos296.jpg 1 0 0 155 61
p/pos295.jpg 1 0 0 155 61
p/pos294.jpg 1 0 0 155 61
p/pos293.jpg 1 0 0 155 61
p/pos292.jpg 1 0 0 155 61
p/pos291.jpg 1 0 0 155 61
p/pos290.jpg 1 0 0 155 61
p/pos289.jpg 1 0 0 155 61
p/pos288.jpg 1 0 0 155 61
p/pos287.jpg 1 0 0 155 61
p/pos286.jpg 1 0 0 155 61
p/pos285.jpg 1 0 0 155 61
p/pos284.jpg 1 0 0 155 61
p/pos283.jpg 1 0 0 155 61
p/pos282.jpg 1 0 0 155 61
p/pos281.jpg 1 0 0 155 61
p/pos280.jpg 1 0 0 155 61
p/pos279.jpg 1 0 0 155 61
p/pos278.jpg 1 0 0 155 61
p/pos277.jpg 1 0 0 155 61
p/pos276.jpg 1 0 0 155 61
p/pos275.jpg 1 0 0 155 61
p/pos274.jpg 1 0 0 155 61
p/pos273.jpg 1 0 0 155 61
p/pos272.jpg 1 0 0 155 61
p/pos271.jpg 1 0 0 155 61
p/pos270.jpg 1 0 0 155 61
p/pos269.jpg 1 0 0 155 61
p/pos268.jpg 1 0 0 155 61
p/pos267.jpg 1 0 0 155 61
p/pos266.jpg 1 0 0 155 61
p/pos265.jpg 1 0 0 155 61
p/pos264.jpg 1 0 0 155 61
p/pos263.jpg 1 0 0 155 61
p/pos262.jpg 1 0 0 155 61
p/pos261.jpg 1 0 0 155 61
p/pos260.jpg 1 0 0 155 61
p/pos259.jpg 1 0 0 155 61
p/pos258.jpg 1 0 0 155 61
p/pos257.jpg 1 0 0 155 61
p/pos256.jpg 1 0 0 155 61
p/pos255.jpg 1 0 0 155 61
p/pos254.jpg 1 0 0 155 61
p/pos253.jpg 1 0 0 155 61
p/pos252.jpg 1 0 0 155 61
p/pos251.jpg 1 0 0 155 61
p/pos250.jpg 1 0 0 155 61
p/pos249.jpg 1 0 0 155 61
p/pos248.jpg 1 0 0 155 61
p/pos247.jpg 1 0 0 155 61
p/pos246.jpg 1 0 0 155 61
p/pos245.jpg 1 0 0 155 61
p/pos244.jpg 1 0 0 155 61
p/pos243.jpg 1 0 0 155 61
p/pos242.jpg 1 0 0 155 61
p/pos241.jpg 1 0 0 155 61
p/pos240.jpg 1 0 0 155 61
p/pos239.jpg 1 0 0 155 61
p/pos238.jpg 1 0 0 155 61
p/pos237.jpg 1 0 0 155 61
p/pos236.jpg 1 0 0 155 61
p/pos235.jpg 1 0 0 155 61
p/pos234.jpg 1 0 0 155 61
p/pos233.jpg 1 0 0 155 61
p/pos232.jpg 1 0 0 155 61
p/pos231.jpg 1 0 0 155 61
p/pos230.jpg 1 0 0 155 61
p/pos229.jpg 1 0 0 155 61
p/pos228.jpg 1 0 0 155 61
p/pos227.jpg 1 0 0 155 61
p/pos226.jpg 1 0 0 155 61
p/pos225.jpg 1 0 0 155 61
p/pos224.jpg 1 0 0 155 61
p/pos223.jpg 1 0 0 155 61
p/pos222.jpg 1 0 0 155 61
p/pos221.jpg 1 0 0 155 61
p/pos220.jpg 1 0 0 155 61
p/pos219.jpg 1 0 0 155 61
p/pos218.jpg 1 0 0 155 61
p/pos217.jpg 1 0 0 155 61
p/pos216.jpg 1 0 0 155 61
p/pos215.jpg 1 0 0 155 61
p/pos214.jpg 1 0 0 155 61
p/pos213.jpg 1 0 0 155 61
p/pos212.jpg 1 0 0 155 61
p/pos211.jpg 1 0 0 155 61
p/pos210.jpg 1 0 0 155 61
p/pos209.jpg 1 0 0 155 61
p/pos208.jpg 1 0 0 155 61
p/pos207.jpg 1 0 0 155 61
p/pos206.jpg 1 0 0 155 61
p/pos205.jpg 1 0 0 155 61
p/pos204.jpg 1 0 0 155 61
p/pos203.jpg 1 0 0 155 61
p/pos202.jpg 1 0 0 155 61
p/pos201.jpg 1 0 0 155 61
p/pos200.jpg 1 0 0 155 61
p/pos199.jpg 1 0 0 155 61
p/pos198.jpg 1 0 0 155 61
p/pos197.jpg 1 0 0 155 61
p/pos196.jpg 1 0 0 155 61
p/pos195.jpg 1 0 0 155 61
p/pos194.jpg 1 0 0 155 61
p/pos193.jpg 1 0 0 155 61
p/pos192.jpg 1 0 0 155 61
p/pos191.jpg 1 0 0 155 61
p/pos190.jpg 1 0 0 155 61
p/pos189.jpg 1 0 0 155 61
p/pos188.jpg 1 0 0 155 61
p/pos187.jpg 1 0 0 155 61
p/pos186.jpg 1 0 0 155 61
p/pos185.jpg 1 0 0 155 61
p/pos184.jpg 1 0 0 155 61
p/pos183.jpg 1 0 0 155 61
p/pos182.jpg 1 0 0 155 61
p/pos181.jpg 1 0 0 155 61
p/pos180.jpg 1 0 0 155 61
p/pos179.jpg 1 0 0 155 61
p/pos178.jpg 1 0 0 155 61
p/pos177.jpg 1 0 0 155 61
p/pos176.jpg 1 0 0 155 61
p/pos175.jpg 1 0 0 155 61
p/pos174.jpg 1 0 0 155 61
p/pos173.jpg 1 0 0 155 61
p/pos172.jpg 1 0 0 155 61
p/pos171.jpg 1 0 0 155 61
p/pos170.jpg 1 0 0 155 61
p/pos169.jpg 1 0 0 155 61
p/pos168.jpg 1 0 0 155 61
p/pos167.jpg 1 0 0 155 61
p/pos166.jpg 1 0 0 155 61
p/pos165.jpg 1 0 0 155 61
p/pos164.jpg 1 0 0 155 61
p/pos163.jpg 1 0 0 155 61
p/pos162.jpg 1 0 0 155 61
p/pos161.jpg 1 0 0 155 61
p/pos160.jpg 1 0 0 155 61
p/pos159.jpg 1 0 0 155 61
p/pos158.jpg 1 0 0 155 61
p/pos157.jpg 1 0 0 155 61
p/pos156.jpg 1 0 0 155 61
p/pos155.jpg 1 0 0 155 61
p/pos154.jpg 1 0 0 155 61
p/pos153.jpg 1 0 0 155 61
p/pos152.jpg 1 0 0 155 61
p/pos151.jpg 1 0 0 155 61
p/pos150.jpg 1 0 0 155 61
p/pos149.jpg 1 0 0 155 61
p/pos148.jpg 1 0 0 155 61
p/pos147.jpg 1 0 0 155 61
p/pos146.jpg 1 0 0 155 61
p/pos145.jpg 1 0 0 155 61
p/pos144.jpg 1 0 0 155 61
p/pos143.jpg 1 0 0 155 61
p/pos142.jpg 1 0 0 155 61
p/pos141.jpg 1 0 0 155 61
p/pos140.jpg 1 0 0 155 61
p/pos139.jpg 1 0 0 155 61
p/pos138.jpg 1 0 0 155 61
p/pos137.jpg 1 0 0 155 61
p/pos136.jpg 1 0 0 155 61
p/pos135.jpg 1 0 0 155 61
p/pos134.jpg 1 0 0 155 61
p/pos133.jpg 1 0 0 155 61
p/pos132.jpg 1 0 0 155 61
p/pos131.jpg 1 0 0 155 61
p/pos130.jpg 1 0 0 155 61
p/pos129.jpg 1 0 0 155 61
p/pos128.jpg 1 0 0 155 61
p/pos127.jpg 1 0 0 155 61
p/pos126.jpg 1 0 0 155 61
p/pos125.jpg 1 0 0 155 61
p/pos124.jpg 1 0 0 155 61
p/pos123.jpg 1 0 0 155 61
p/pos122.jpg 1 0 0 155 61
p/pos121.jpg 1 0 0 155 61
p/pos120.jpg 1 0 0 155 61
p/pos119.jpg 1 0 0 155 61
p/pos118.jpg 1 0 0 155 61
p/pos117.jpg 1 0 0 155 61
p/pos116.jpg 1 0 0 155 61
p/pos115.jpg 1 0 0 155 61
p/pos114.jpg 1 0 0 155 61
p/pos113.jpg 1 0 0 155 61
p/pos112.jpg 1 0 0 155 61
p/pos111.jpg 1 0 0 155 61
p/pos110.jpg 1 0 0 155 61
p/pos109.jpg 1 0 0 155 61
p/pos108.jpg 1 0 0 155 61
p/pos107.jpg 1 0 0 155 61
p/pos106.jpg 1 0 0 155 61
p/pos105.jpg 1 0 0 155 61
p/pos104.jpg 1 0 0 155 61
p/pos103.jpg 1 0 0 155 61
p/pos102.jpg 1 0 0 155 61
p/pos101.jpg 1 0 0 155 61
p/pos100.jpg 1 0 0 155 61
p/pos99.jpg 1 0 0 155 61
p/pos98.jpg 1 0 0 155 61
p/pos97.jpg 1 0 0 155 61
p/pos96.jpg 1 0 0 155 61
p/pos95.jpg 1 0 0 155 61
p/pos94.jpg 1 0 0 155 61
p/pos93.jpg 1 0 0 155 61
p/pos92.jpg 1 0 0 155 61
p/pos91.jpg 1 0 0 155 61
p/pos90.jpg 1 0 0 155 61
p/pos89.jpg 1 0 0 155 61
p/pos88.jpg 1 0 0 155 61
p/pos87.jpg 1 0 0 155 61
p/pos86.jpg 1 0 0 155 61
p/pos85.jpg 1 0 0 155 61
p/pos84.jpg 1 0 0 155 61
p/pos83.jpg 1 0 0 155 61
p/pos82.jpg 1 0 0 155 61
p/pos81.jpg 1 0 0 155 61
p/pos80.jpg 1 0 0 155 61
p/pos79.jpg 1 0 0 155 61
p/pos78.jpg 1 0 0 155 61
p/pos77.jpg 1 0 0 155 61
p/pos76.jpg 1 0 0 155 61
p/pos75.jpg 1 0 0 155 61
p/pos74.jpg 1 0 0 155 61
p/pos73.jpg 1 0 0 155 61
p/pos72.jpg 1 0 0 155 61
p/pos71.jpg 1 0 0 155 61
p/pos70.jpg 1 0 0 155 61
p/pos69.jpg 1 0 0 155 61
p/pos68.jpg 1 0 0 155 61
p/pos67.jpg 1 0 0 155 61
p/pos66.jpg 1 0 0 155 61
p/pos9.jpg 1 0 0 122 57
p/pos8.jpg 1 0 0 121 60
p/pos7.jpg 1 0 0 90 33
p/pos65.png 1 0 0 237 102
p/pos64.jpg 1 0 0 117 70
p/pos60.png 1 0 0 205 110
p/pos61.jpg 1 0 0 167 71
p/pos62.jpg 1 0 0 159 73
p/pos6.jpg 1 0 0 83 41
p/pos56.jpg 1 0 0 332 97
p/pos57.jpg 1 0 0 300 114
p/pos58.jpg 1 0 0 155 65
p/pos52.png 1 0 0 337 104
p/pos53.jpg 1 0 0 230 85
p/pos47.jpg 1 0 0 119 69
p/pos48.jpg 1 0 0 378 103
p/pos49.jpg 1 0 0 222 92
p/pos5.jpg 1 0 0 79 38
p/pos50.jpg 1 0 0 214 99
p/pos51.jpg 1 0 0 154 65
p/pos40.jpg 1 0 0 112 67
p/pos41.jpg 1 0 0 78 44
p/pos42.jpg 1 0 0 95 43
p/pos43.jpg 1 0 0 129 77
p/pos44.jpg 1 0 0 133 70
p/pos45.jpg 1 0 0 78 41
p/pos46.jpg 1 0 0 152 57
p/pos36.jpg 1 0 0 123 74
p/pos37.jpg 1 0 0 296 124
p/pos38.jpg 1 0 0 244 86
p/pos39.jpg 1 0 0 191 83
p/pos4.jpg 1 0 0 85 37
p/pos30.jpg 1 0 0 136 77
p/pos31.jpg 1 0 0 195 84
p/pos32.jpg 1 0 0 147 79
p/pos33.jpg 1 0 0 187 88
p/pos34.jpg 1 0 0 144 73
p/pos35.jpg 1 0 0 119 60
p/pos26.png 1 0 0 82 33
p/pos27.jpg 1 0 0 115 74
p/pos28.jpg 1 0 0 178 70
p/pos29.jpg 1 0 0 163 80
p/pos3.jpg 1 0 0 77 38
p/pos22.png 1 0 0 73 48
p/pos23.png 1 0 0 73 29
p/pos24.png 1 0 0 74 37
p/pos25.png 1 0 0 81 35
p/pos19.png 1 0 0 144 74
p/pos2.jpg 1 0 0 128 59
p/pos20.png 1 0 0 147 65
p/pos21.png 1 0 0 81 48
p/pos15.png 1 0 0 147 67
p/pos16.png 1 0 0 155 61
p/pos17.png 1 0 0 137 53
p/pos18.png 1 0 0 164 62
p/pos14.png 1 0 0 145 64
p/pos10.jpg 1 0 0 129 52
p/pos11.jpg 1 0 0 155 70
p/pos12.jpg 1 0 0 80 34
p/pos1.jpg 1 0 0 130 63